<?xml version="1.0" encoding="UTF-8"?>
<coverage generated="1762468407033" clover="3.2.0">
  <project timestamp="1762468407033" name="All files">
    <metrics statements="26" coveredstatements="26" conditionals="17" coveredconditionals="17" methods="7" coveredmethods="6" elements="50" coveredelements="49" complexity="0" loc="26" ncloc="26" packages="1" files="1" classes="1"/>
    <file name="cityGraph.js" path="C:\Users\NITRO 5\Documents\3-Techno ready\CH 7\ch7techno\frontend-js\src\cityGraph.js">
      <metrics statements="26" coveredstatements="26" conditionals="17" coveredconditionals="17" methods="7" coveredmethods="6"/>
      <line num="5" count="5" type="stmt"/>
      <line num="6" count="20" type="stmt"/>
      <line num="7" count="5" type="stmt"/>
      <line num="8" count="5" type="stmt"/>
      <line num="9" count="5" type="stmt"/>
      <line num="10" count="5" type="stmt"/>
      <line num="12" count="5" type="stmt"/>
      <line num="14" count="5" type="stmt"/>
      <line num="18" count="5" type="cond" truecount="4" falsecount="0"/>
      <line num="19" count="2" type="stmt"/>
      <line num="21" count="7" type="stmt"/>
      <line num="22" count="7" type="stmt"/>
      <line num="23" count="3" type="stmt"/>
      <line num="24" count="5" type="stmt"/>
      <line num="25" count="5" type="stmt"/>
      <line num="26" count="5" type="cond" truecount="4" falsecount="0"/>
      <line num="27" count="4" type="stmt"/>
      <line num="28" count="4" type="stmt"/>
      <line num="29" count="4" type="stmt"/>
      <line num="31" count="2" type="stmt"/>
      <line num="35" count="3" type="cond" truecount="4" falsecount="0"/>
      <line num="36" count="2" type="cond" truecount="2" falsecount="0"/>
      <line num="37" count="1" type="stmt"/>
      <line num="38" count="1" type="stmt"/>
      <line num="39" count="3" type="cond" truecount="2" falsecount="0"/>
      <line num="41" count="1" type="stmt"/>
    </file>
  </project>
</coverage>
