<?xml version="1.0" encoding="UTF-8"?>
<coverage generated="1762847504078" clover="3.2.0">
  <project timestamp="1762847504078" name="All files">
    <metrics statements="39" coveredstatements="39" conditionals="43" coveredconditionals="41" methods="9" coveredmethods="9" elements="91" coveredelements="89" complexity="0" loc="39" ncloc="39" packages="1" files="1" classes="1"/>
    <file name="cityGraph.js" path="C:\Users\Soporte\Downloads\Technoready-2025-CH7\Technoready-2025-CH7\frontend-js\src\cityGraph.js">
      <metrics statements="39" coveredstatements="39" conditionals="43" coveredconditionals="41" methods="9" coveredmethods="9"/>
      <line num="16" count="169" type="cond" truecount="2" falsecount="0"/>
      <line num="26" count="92" type="cond" truecount="4" falsecount="0"/>
      <line num="27" count="88" type="cond" truecount="2" falsecount="0"/>
      <line num="28" count="86" type="cond" truecount="4" falsecount="0"/>
      <line num="29" count="6" type="stmt"/>
      <line num="44" count="72" type="stmt"/>
      <line num="45" count="288" type="stmt"/>
      <line num="46" count="72" type="stmt"/>
      <line num="47" count="72" type="stmt"/>
      <line num="48" count="72" type="stmt"/>
      <line num="49" count="72" type="stmt"/>
      <line num="51" count="72" type="stmt"/>
      <line num="53" count="72" type="stmt"/>
      <line num="78" count="27" type="cond" truecount="4" falsecount="0"/>
      <line num="79" count="2" type="stmt"/>
      <line num="82" count="25" type="stmt"/>
      <line num="84" count="80" type="stmt"/>
      <line num="85" count="80" type="stmt"/>
      <line num="88" count="13" type="stmt"/>
      <line num="90" count="13" type="stmt"/>
      <line num="91" count="72" type="cond" truecount="4" falsecount="0"/>
      <line num="92" count="70" type="stmt"/>
      <line num="93" count="70" type="stmt"/>
      <line num="94" count="70" type="cond" truecount="4" falsecount="0"/>
      <line num="95" count="69" type="cond" truecount="2" falsecount="0"/>
      <line num="97" count="68" type="stmt"/>
      <line num="98" count="68" type="cond" truecount="2" falsecount="0"/>
      <line num="99" count="67" type="stmt"/>
      <line num="101" count="67" type="stmt"/>
      <line num="102" count="67" type="stmt"/>
      <line num="103" count="67" type="stmt"/>
      <line num="106" count="10" type="stmt"/>
      <line num="122" count="16" type="cond" truecount="4" falsecount="0"/>
      <line num="123" count="11" type="cond" truecount="2" falsecount="0"/>
      <line num="125" count="9" type="stmt"/>
      <line num="126" count="9" type="stmt"/>
      <line num="127" count="22" type="cond" truecount="2" falsecount="0"/>
      <line num="130" count="9" type="stmt"/>
      <line num="131" count="7" type="cond" truecount="4" falsecount="2"/>
    </file>
  </project>
</coverage>
