{"C:\\Users\\NITRO 5\\Documents\\3-Techno ready\\CH 7\\ch7techno\\frontend-js\\src\\cityGraph.js": {"path":"C:\\Users\\NITRO 5\\Documents\\3-Techno ready\\CH 7\\ch7techno\\frontend-js\\src\\cityGraph.js","statementMap":{"0":{"start":{"line":5,"column":12},"end":{"line":5,"column":16}},"1":{"start":{"line":6,"column":16},"end":{"line":6,"column":40}},"2":{"start":{"line":6,"column":21},"end":{"line":6,"column":40}},"3":{"start":{"line":7,"column":15},"end":{"line":7,"column":35}},"4":{"start":{"line":8,"column":15},"end":{"line":8,"column":35}},"5":{"start":{"line":9,"column":15},"end":{"line":9,"column":27}},"6":{"start":{"line":10,"column":15},"end":{"line":10,"column":27}},"7":{"start":{"line":12,"column":4},"end":{"line":13,"column":61}},"8":{"start":{"line":14,"column":2},"end":{"line":14,"column":41}},"9":{"start":{"line":18,"column":2},"end":{"line":20,"column":3}},"10":{"start":{"line":19,"column":4},"end":{"line":19,"column":58}},"11":{"start":{"line":21,"column":15},"end":{"line":21,"column":49}},"12":{"start":{"line":21,"column":38},"end":{"line":21,"column":47}},"13":{"start":{"line":22,"column":14},"end":{"line":22,"column":49}},"14":{"start":{"line":22,"column":37},"end":{"line":22,"column":47}},"15":{"start":{"line":23,"column":2},"end":{"line":30,"column":3}},"16":{"start":{"line":24,"column":14},"end":{"line":24,"column":30}},"17":{"start":{"line":25,"column":14},"end":{"line":25,"column":28}},"18":{"start":{"line":26,"column":4},"end":{"line":26,"column":66}},"19":{"start":{"line":26,"column":18},"end":{"line":26,"column":66}},"20":{"start":{"line":27,"column":14},"end":{"line":27,"column":31}},"21":{"start":{"line":28,"column":4},"end":{"line":28,"column":46}},"22":{"start":{"line":29,"column":4},"end":{"line":29,"column":46}},"23":{"start":{"line":31,"column":2},"end":{"line":31,"column":23}},"24":{"start":{"line":35,"column":2},"end":{"line":35,"column":68}},"25":{"start":{"line":35,"column":35},"end":{"line":35,"column":68}},"26":{"start":{"line":36,"column":2},"end":{"line":36,"column":63}},"27":{"start":{"line":36,"column":31},"end":{"line":36,"column":63}},"28":{"start":{"line":37,"column":17},"end":{"line":37,"column":19}},"29":{"start":{"line":38,"column":2},"end":{"line":40,"column":3}},"30":{"start":{"line":39,"column":4},"end":{"line":39,"column":73}},"31":{"start":{"line":39,"column":23},"end":{"line":39,"column":73}},"32":{"start":{"line":41,"column":2},"end":{"line":41,"column":44}},"33":{"start":{"line":41,"column":31},"end":{"line":41,"column":42}}},"fnMap":{"0":{"name":"haversineKm","decl":{"start":{"line":4,"column":16},"end":{"line":4,"column":27}},"loc":{"start":{"line":4,"column":34},"end":{"line":15,"column":1}},"line":4},"1":{"name":"(anonymous_1)","decl":{"start":{"line":6,"column":16},"end":{"line":6,"column":17}},"loc":{"start":{"line":6,"column":21},"end":{"line":6,"column":40}},"line":6},"2":{"name":"buildGraph","decl":{"start":{"line":17,"column":16},"end":{"line":17,"column":26}},"loc":{"start":{"line":17,"column":41},"end":{"line":32,"column":1}},"line":17},"3":{"name":"(anonymous_3)","decl":{"start":{"line":21,"column":33},"end":{"line":21,"column":34}},"loc":{"start":{"line":21,"column":38},"end":{"line":21,"column":47}},"line":21},"4":{"name":"(anonymous_4)","decl":{"start":{"line":22,"column":32},"end":{"line":22,"column":33}},"loc":{"start":{"line":22,"column":37},"end":{"line":22,"column":47}},"line":22},"5":{"name":"findNearby","decl":{"start":{"line":34,"column":16},"end":{"line":34,"column":26}},"loc":{"start":{"line":34,"column":55},"end":{"line":42,"column":1}},"line":34},"6":{"name":"(anonymous_6)","decl":{"start":{"line":41,"column":21},"end":{"line":41,"column":22}},"loc":{"start":{"line":41,"column":31},"end":{"line":41,"column":42}},"line":41}},"branchMap":{"0":{"loc":{"start":{"line":18,"column":2},"end":{"line":20,"column":3}},"type":"if","locations":[{"start":{"line":18,"column":2},"end":{"line":20,"column":3}},{"start":{},"end":{}}],"line":18},"1":{"loc":{"start":{"line":18,"column":6},"end":{"line":18,"column":52}},"type":"binary-expr","locations":[{"start":{"line":18,"column":6},"end":{"line":18,"column":27}},{"start":{"line":18,"column":31},"end":{"line":18,"column":52}}],"line":18},"2":{"loc":{"start":{"line":26,"column":4},"end":{"line":26,"column":66}},"type":"if","locations":[{"start":{"line":26,"column":4},"end":{"line":26,"column":66}},{"start":{},"end":{}}],"line":26},"3":{"loc":{"start":{"line":26,"column":8},"end":{"line":26,"column":16}},"type":"binary-expr","locations":[{"start":{"line":26,"column":8},"end":{"line":26,"column":10}},{"start":{"line":26,"column":14},"end":{"line":26,"column":16}}],"line":26},"4":{"loc":{"start":{"line":34,"column":42},"end":{"line":34,"column":53}},"type":"default-arg","locations":[{"start":{"line":34,"column":50},"end":{"line":34,"column":53}}],"line":34},"5":{"loc":{"start":{"line":35,"column":2},"end":{"line":35,"column":68}},"type":"if","locations":[{"start":{"line":35,"column":2},"end":{"line":35,"column":68}},{"start":{},"end":{}}],"line":35},"6":{"loc":{"start":{"line":35,"column":6},"end":{"line":35,"column":33}},"type":"binary-expr","locations":[{"start":{"line":35,"column":6},"end":{"line":35,"column":18}},{"start":{"line":35,"column":22},"end":{"line":35,"column":33}}],"line":35},"7":{"loc":{"start":{"line":36,"column":2},"end":{"line":36,"column":63}},"type":"if","locations":[{"start":{"line":36,"column":2},"end":{"line":36,"column":63}},{"start":{},"end":{}}],"line":36},"8":{"loc":{"start":{"line":39,"column":4},"end":{"line":39,"column":73}},"type":"if","locations":[{"start":{"line":39,"column":4},"end":{"line":39,"column":73}},{"start":{},"end":{}}],"line":39}},"s":{"0":5,"1":5,"2":20,"3":5,"4":5,"5":5,"6":5,"7":5,"8":5,"9":5,"10":2,"11":3,"12":7,"13":3,"14":7,"15":3,"16":5,"17":5,"18":5,"19":1,"20":4,"21":4,"22":4,"23":2,"24":3,"25":1,"26":2,"27":1,"28":1,"29":1,"30":3,"31":1,"32":1,"33":0},"f":{"0":5,"1":20,"2":5,"3":7,"4":7,"5":3,"6":0},"b":{"0":[2,3],"1":[5,4],"2":[1,4],"3":[5,5],"4":[2],"5":[1,2],"6":[3,2],"7":[1,1],"8":[1,2]},"_coverageSchema":"1a1c01bbd47fc00a2c39e90264f33305004495a9","hash":"3847169516ecd06741e06230a98adb2351fbc7a9"}
}
