{"C:\\Users\\Soporte\\Downloads\\Technoready-2025-CH7\\Technoready-2025-CH7\\frontend-js\\src\\cityGraph.js": {"path":"C:\\Users\\Soporte\\Downloads\\Technoready-2025-CH7\\Technoready-2025-CH7\\frontend-js\\src\\cityGraph.js","statementMap":{"0":{"start":{"line":16,"column":2},"end":{"line":16,"column":53}},"1":{"start":{"line":26,"column":2},"end":{"line":26,"column":78}},"2":{"start":{"line":26,"column":35},"end":{"line":26,"column":78}},"3":{"start":{"line":27,"column":2},"end":{"line":27,"column":56}},"4":{"start":{"line":27,"column":20},"end":{"line":27,"column":56}},"5":{"start":{"line":28,"column":2},"end":{"line":30,"column":3}},"6":{"start":{"line":29,"column":4},"end":{"line":29,"column":68}},"7":{"start":{"line":44,"column":12},"end":{"line":44,"column":16}},"8":{"start":{"line":45,"column":16},"end":{"line":45,"column":40}},"9":{"start":{"line":45,"column":21},"end":{"line":45,"column":40}},"10":{"start":{"line":46,"column":15},"end":{"line":46,"column":35}},"11":{"start":{"line":47,"column":15},"end":{"line":47,"column":35}},"12":{"start":{"line":48,"column":15},"end":{"line":48,"column":27}},"13":{"start":{"line":49,"column":15},"end":{"line":49,"column":27}},"14":{"start":{"line":51,"column":4},"end":{"line":52,"column":61}},"15":{"start":{"line":53,"column":2},"end":{"line":53,"column":41}},"16":{"start":{"line":78,"column":2},"end":{"line":80,"column":3}},"17":{"start":{"line":79,"column":4},"end":{"line":79,"column":58}},"18":{"start":{"line":82,"column":2},"end":{"line":82,"column":30}},"19":{"start":{"line":84,"column":15},"end":{"line":84,"column":49}},"20":{"start":{"line":84,"column":38},"end":{"line":84,"column":47}},"21":{"start":{"line":85,"column":14},"end":{"line":85,"column":49}},"22":{"start":{"line":85,"column":37},"end":{"line":85,"column":47}},"23":{"start":{"line":88,"column":15},"end":{"line":88,"column":24}},"24":{"start":{"line":90,"column":2},"end":{"line":104,"column":3}},"25":{"start":{"line":91,"column":4},"end":{"line":91,"column":80}},"26":{"start":{"line":91,"column":37},"end":{"line":91,"column":80}},"27":{"start":{"line":92,"column":14},"end":{"line":92,"column":30}},"28":{"start":{"line":93,"column":14},"end":{"line":93,"column":28}},"29":{"start":{"line":94,"column":4},"end":{"line":94,"column":66}},"30":{"start":{"line":94,"column":18},"end":{"line":94,"column":66}},"31":{"start":{"line":95,"column":4},"end":{"line":95,"column":32}},"32":{"start":{"line":95,"column":23},"end":{"line":95,"column":32}},"33":{"start":{"line":97,"column":16},"end":{"line":97,"column":46}},"34":{"start":{"line":98,"column":4},"end":{"line":98,"column":32}},"35":{"start":{"line":98,"column":23},"end":{"line":98,"column":32}},"36":{"start":{"line":99,"column":4},"end":{"line":99,"column":18}},"37":{"start":{"line":101,"column":14},"end":{"line":101,"column":31}},"38":{"start":{"line":102,"column":4},"end":{"line":102,"column":46}},"39":{"start":{"line":103,"column":4},"end":{"line":103,"column":46}},"40":{"start":{"line":106,"column":2},"end":{"line":106,"column":23}},"41":{"start":{"line":122,"column":2},"end":{"line":122,"column":68}},"42":{"start":{"line":122,"column":35},"end":{"line":122,"column":68}},"43":{"start":{"line":123,"column":2},"end":{"line":123,"column":63}},"44":{"start":{"line":123,"column":31},"end":{"line":123,"column":63}},"45":{"start":{"line":125,"column":17},"end":{"line":125,"column":19}},"46":{"start":{"line":126,"column":2},"end":{"line":128,"column":3}},"47":{"start":{"line":127,"column":4},"end":{"line":127,"column":73}},"48":{"start":{"line":127,"column":23},"end":{"line":127,"column":73}},"49":{"start":{"line":130,"column":2},"end":{"line":132,"column":4}},"50":{"start":{"line":131,"column":14},"end":{"line":131,"column":87}}},"fnMap":{"0":{"name":"isFiniteNumber","decl":{"start":{"line":15,"column":9},"end":{"line":15,"column":23}},"loc":{"start":{"line":15,"column":27},"end":{"line":17,"column":1}},"line":15},"1":{"name":"validateNode","decl":{"start":{"line":25,"column":9},"end":{"line":25,"column":21}},"loc":{"start":{"line":25,"column":25},"end":{"line":31,"column":1}},"line":25},"2":{"name":"haversineKm","decl":{"start":{"line":43,"column":16},"end":{"line":43,"column":27}},"loc":{"start":{"line":43,"column":34},"end":{"line":54,"column":1}},"line":43},"3":{"name":"(anonymous_3)","decl":{"start":{"line":45,"column":16},"end":{"line":45,"column":17}},"loc":{"start":{"line":45,"column":21},"end":{"line":45,"column":40}},"line":45},"4":{"name":"buildGraph","decl":{"start":{"line":77,"column":16},"end":{"line":77,"column":26}},"loc":{"start":{"line":77,"column":41},"end":{"line":107,"column":1}},"line":77},"5":{"name":"(anonymous_5)","decl":{"start":{"line":84,"column":33},"end":{"line":84,"column":34}},"loc":{"start":{"line":84,"column":38},"end":{"line":84,"column":47}},"line":84},"6":{"name":"(anonymous_6)","decl":{"start":{"line":85,"column":32},"end":{"line":85,"column":33}},"loc":{"start":{"line":85,"column":37},"end":{"line":85,"column":47}},"line":85},"7":{"name":"findNearby","decl":{"start":{"line":121,"column":16},"end":{"line":121,"column":26}},"loc":{"start":{"line":121,"column":55},"end":{"line":133,"column":1}},"line":121},"8":{"name":"(anonymous_8)","decl":{"start":{"line":131,"column":4},"end":{"line":131,"column":5}},"loc":{"start":{"line":131,"column":14},"end":{"line":131,"column":87}},"line":131}},"branchMap":{"0":{"loc":{"start":{"line":16,"column":9},"end":{"line":16,"column":52}},"type":"binary-expr","locations":[{"start":{"line":16,"column":9},"end":{"line":16,"column":30}},{"start":{"line":16,"column":34},"end":{"line":16,"column":52}}],"line":16},"1":{"loc":{"start":{"line":26,"column":2},"end":{"line":26,"column":78}},"type":"if","locations":[{"start":{"line":26,"column":2},"end":{"line":26,"column":78}},{"start":{},"end":{}}],"line":26},"2":{"loc":{"start":{"line":26,"column":6},"end":{"line":26,"column":33}},"type":"binary-expr","locations":[{"start":{"line":26,"column":6},"end":{"line":26,"column":8}},{"start":{"line":26,"column":12},"end":{"line":26,"column":33}}],"line":26},"3":{"loc":{"start":{"line":27,"column":2},"end":{"line":27,"column":56}},"type":"if","locations":[{"start":{"line":27,"column":2},"end":{"line":27,"column":56}},{"start":{},"end":{}}],"line":27},"4":{"loc":{"start":{"line":28,"column":2},"end":{"line":30,"column":3}},"type":"if","locations":[{"start":{"line":28,"column":2},"end":{"line":30,"column":3}},{"start":{},"end":{}}],"line":28},"5":{"loc":{"start":{"line":28,"column":6},"end":{"line":28,"column":54}},"type":"binary-expr","locations":[{"start":{"line":28,"column":6},"end":{"line":28,"column":28}},{"start":{"line":28,"column":32},"end":{"line":28,"column":54}}],"line":28},"6":{"loc":{"start":{"line":78,"column":2},"end":{"line":80,"column":3}},"type":"if","locations":[{"start":{"line":78,"column":2},"end":{"line":80,"column":3}},{"start":{},"end":{}}],"line":78},"7":{"loc":{"start":{"line":78,"column":6},"end":{"line":78,"column":52}},"type":"binary-expr","locations":[{"start":{"line":78,"column":6},"end":{"line":78,"column":27}},{"start":{"line":78,"column":31},"end":{"line":78,"column":52}}],"line":78},"8":{"loc":{"start":{"line":91,"column":4},"end":{"line":91,"column":80}},"type":"if","locations":[{"start":{"line":91,"column":4},"end":{"line":91,"column":80}},{"start":{},"end":{}}],"line":91},"9":{"loc":{"start":{"line":91,"column":8},"end":{"line":91,"column":35}},"type":"binary-expr","locations":[{"start":{"line":91,"column":8},"end":{"line":91,"column":10}},{"start":{"line":91,"column":14},"end":{"line":91,"column":35}}],"line":91},"10":{"loc":{"start":{"line":94,"column":4},"end":{"line":94,"column":66}},"type":"if","locations":[{"start":{"line":94,"column":4},"end":{"line":94,"column":66}},{"start":{},"end":{}}],"line":94},"11":{"loc":{"start":{"line":94,"column":8},"end":{"line":94,"column":16}},"type":"binary-expr","locations":[{"start":{"line":94,"column":8},"end":{"line":94,"column":10}},{"start":{"line":94,"column":14},"end":{"line":94,"column":16}}],"line":94},"12":{"loc":{"start":{"line":95,"column":4},"end":{"line":95,"column":32}},"type":"if","locations":[{"start":{"line":95,"column":4},"end":{"line":95,"column":32}},{"start":{},"end":{}}],"line":95},"13":{"loc":{"start":{"line":98,"column":4},"end":{"line":98,"column":32}},"type":"if","locations":[{"start":{"line":98,"column":4},"end":{"line":98,"column":32}},{"start":{},"end":{}}],"line":98},"14":{"loc":{"start":{"line":121,"column":42},"end":{"line":121,"column":53}},"type":"default-arg","locations":[{"start":{"line":121,"column":50},"end":{"line":121,"column":53}}],"line":121},"15":{"loc":{"start":{"line":122,"column":2},"end":{"line":122,"column":68}},"type":"if","locations":[{"start":{"line":122,"column":2},"end":{"line":122,"column":68}},{"start":{},"end":{}}],"line":122},"16":{"loc":{"start":{"line":122,"column":6},"end":{"line":122,"column":33}},"type":"binary-expr","locations":[{"start":{"line":122,"column":6},"end":{"line":122,"column":18}},{"start":{"line":122,"column":22},"end":{"line":122,"column":33}}],"line":122},"17":{"loc":{"start":{"line":123,"column":2},"end":{"line":123,"column":63}},"type":"if","locations":[{"start":{"line":123,"column":2},"end":{"line":123,"column":63}},{"start":{},"end":{}}],"line":123},"18":{"loc":{"start":{"line":127,"column":4},"end":{"line":127,"column":73}},"type":"if","locations":[{"start":{"line":127,"column":4},"end":{"line":127,"column":73}},{"start":{},"end":{}}],"line":127},"19":{"loc":{"start":{"line":131,"column":14},"end":{"line":131,"column":87}},"type":"binary-expr","locations":[{"start":{"line":131,"column":15},"end":{"line":131,"column":26}},{"start":{"line":131,"column":32},"end":{"line":131,"column":86}}],"line":131},"20":{"loc":{"start":{"line":131,"column":32},"end":{"line":131,"column":86}},"type":"cond-expr","locations":[{"start":{"line":131,"column":54},"end":{"line":131,"column":56}},{"start":{"line":131,"column":59},"end":{"line":131,"column":86}}],"line":131},"21":{"loc":{"start":{"line":131,"column":59},"end":{"line":131,"column":86}},"type":"cond-expr","locations":[{"start":{"line":131,"column":81},"end":{"line":131,"column":82}},{"start":{"line":131,"column":85},"end":{"line":131,"column":86}}],"line":131}},"s":{"0":169,"1":92,"2":4,"3":88,"4":2,"5":86,"6":6,"7":72,"8":72,"9":288,"10":72,"11":72,"12":72,"13":72,"14":72,"15":72,"16":27,"17":2,"18":25,"19":13,"20":80,"21":13,"22":80,"23":13,"24":13,"25":72,"26":2,"27":70,"28":70,"29":70,"30":1,"31":69,"32":1,"33":68,"34":68,"35":1,"36":67,"37":67,"38":67,"39":67,"40":10,"41":16,"42":5,"43":11,"44":2,"45":9,"46":9,"47":22,"48":15,"49":9,"50":7},"f":{"0":169,"1":92,"2":72,"3":288,"4":27,"5":80,"6":80,"7":16,"8":7},"b":{"0":[169,166],"1":[4,88],"2":[92,90],"3":[2,86],"4":[6,80],"5":[86,83],"6":[2,25],"7":[27,26],"8":[2,70],"9":[72,71],"10":[1,69],"11":[70,70],"12":[1,68],"13":[1,67],"14":[8],"15":[5,11],"16":[16,12],"17":[2,9],"18":[15,7],"19":[7,4],"20":[0,4],"21":[4,0]},"_coverageSchema":"1a1c01bbd47fc00a2c39e90264f33305004495a9","hash":"d4cad01b8020991a96796105c7af0bcc837eab3d"}
}
