TN:
SF:src\cityGraph.js
FN:15,isFiniteNumber
FN:25,validateNode
FN:43,haversineKm
FN:45,(anonymous_3)
FN:77,buildGraph
FN:84,(anonymous_5)
FN:85,(anonymous_6)
FN:121,findNearby
FN:131,(anonymous_8)
FNF:9
FNH:9
FNDA:169,isFiniteNumber
FNDA:92,validateNode
FNDA:72,haversineKm
FNDA:288,(anonymous_3)
FNDA:27,buildGraph
FNDA:80,(anonymous_5)
FNDA:80,(anonymous_6)
FNDA:16,findNearby
FNDA:7,(anonymous_8)
DA:16,169
DA:26,92
DA:27,88
DA:28,86
DA:29,6
DA:44,72
DA:45,288
DA:46,72
DA:47,72
DA:48,72
DA:49,72
DA:51,72
DA:53,72
DA:78,27
DA:79,2
DA:82,25
DA:84,80
DA:85,80
DA:88,13
DA:90,13
DA:91,72
DA:92,70
DA:93,70
DA:94,70
DA:95,69
DA:97,68
DA:98,68
DA:99,67
DA:101,67
DA:102,67
DA:103,67
DA:106,10
DA:122,16
DA:123,11
DA:125,9
DA:126,9
DA:127,22
DA:130,9
DA:131,7
LF:39
LH:39
BRDA:16,0,0,169
BRDA:16,0,1,166
BRDA:26,1,0,4
BRDA:26,1,1,88
BRDA:26,2,0,92
BRDA:26,2,1,90
BRDA:27,3,0,2
BRDA:27,3,1,86
BRDA:28,4,0,6
BRDA:28,4,1,80
BRDA:28,5,0,86
BRDA:28,5,1,83
BRDA:78,6,0,2
BRDA:78,6,1,25
BRDA:78,7,0,27
BRDA:78,7,1,26
BRDA:91,8,0,2
BRDA:91,8,1,70
BRDA:91,9,0,72
BRDA:91,9,1,71
BRDA:94,10,0,1
BRDA:94,10,1,69
BRDA:94,11,0,70
BRDA:94,11,1,70
BRDA:95,12,0,1
BRDA:95,12,1,68
BRDA:98,13,0,1
BRDA:98,13,1,67
BRDA:121,14,0,8
BRDA:122,15,0,5
BRDA:122,15,1,11
BRDA:122,16,0,16
BRDA:122,16,1,12
BRDA:123,17,0,2
BRDA:123,17,1,9
BRDA:127,18,0,15
BRDA:127,18,1,7
BRDA:131,19,0,7
BRDA:131,19,1,4
BRDA:131,20,0,0
BRDA:131,20,1,4
BRDA:131,21,0,4
BRDA:131,21,1,0
BRF:43
BRH:41
end_of_record
