TN:
SF:src\cityGraph.js
FN:4,haversineKm
FN:6,(anonymous_1)
FN:17,buildGraph
FN:21,(anonymous_3)
FN:22,(anonymous_4)
FN:34,findNearby
FN:41,(anonymous_6)
FNF:7
FNH:6
FNDA:5,haversineKm
FNDA:20,(anonymous_1)
FNDA:5,buildGraph
FNDA:7,(anonymous_3)
FNDA:7,(anonymous_4)
FNDA:3,findNearby
FNDA:0,(anonymous_6)
DA:5,5
DA:6,20
DA:7,5
DA:8,5
DA:9,5
DA:10,5
DA:12,5
DA:14,5
DA:18,5
DA:19,2
DA:21,7
DA:22,7
DA:23,3
DA:24,5
DA:25,5
DA:26,5
DA:27,4
DA:28,4
DA:29,4
DA:31,2
DA:35,3
DA:36,2
DA:37,1
DA:38,1
DA:39,3
DA:41,1
LF:26
LH:26
BRDA:18,0,0,2
BRDA:18,0,1,3
BRDA:18,1,0,5
BRDA:18,1,1,4
BRDA:26,2,0,1
BRDA:26,2,1,4
BRDA:26,3,0,5
BRDA:26,3,1,5
BRDA:34,4,0,2
BRDA:35,5,0,1
BRDA:35,5,1,2
BRDA:35,6,0,3
BRDA:35,6,1,2
BRDA:36,7,0,1
BRDA:36,7,1,1
BRDA:39,8,0,1
BRDA:39,8,1,2
BRF:17
BRH:17
end_of_record
